<?xml version="1.0" encoding="UTF-8"?>
<testsuite xmlns:xsi="http://www.w3.org/2001/XMLSchema-instance" xsi:noNamespaceSchemaLocation="https://maven.apache.org/surefire/maven-surefire-plugin/xsd/surefire-test-report-3.0.xsd" version="3.0" name="org.example.RuleTest" time="2.037" tests="1" errors="0" skipped="0" failures="0">
  <properties>
[...]
</properties>
  <testcase name="test" classname="org.example.RuleTest" time="1.79">
    <system-out><![CDATA[2023-10-19 01:14:43,924 [main] INFO  Creating RuleUnit
2023-10-19 01:14:44,729 [main] INFO  Insert data
2023-10-19 01:14:44,748 [main] INFO  Run query. Rules are also fired
TUDO OK!!


]]></system-out>
  </testcase>
</testsuite>